2026-06-24 16:47:27,310 | INFO | Assignment 2 Q-learning execution started.
2026-06-24 16:47:27,328 | INFO | START | experiment=Baseline | alpha=0.100 | epsilon=0.100 | gamma=0.900 | episodes=2000
2026-06-24 16:47:30,562 | INFO | PROGRESS | experiment=Baseline | episode=500 | recent_mean_return=-188.874 | recent_mean_steps=136.422 | recent_success_rate=0.642
2026-06-24 16:47:31,499 | INFO | PROGRESS | experiment=Baseline | episode=1000 | recent_mean_return=-38.224 | recent_mean_steps=44.242 | recent_success_rate=0.998
2026-06-24 16:47:31,895 | INFO | PROGRESS | experiment=Baseline | episode=1500 | recent_mean_return=-4.702 | recent_mean_steps=20.014 | recent_success_rate=1.000
2026-06-24 16:47:32,231 | INFO | PROGRESS | experiment=Baseline | episode=2000 | recent_mean_return=0.474 | recent_mean_steps=16.026 | recent_success_rate=1.000
2026-06-24 16:47:32,319 | INFO | FINISH | experiment=Baseline | metrics={'training_mean_return_last_window': 0.474, 'training_mean_steps_last_window': 16.026, 'training_success_rate_last_window': 1.0, 'training_mean_illegal_actions_last_window': 0.5, 'training_truncation_rate_last_window': 0.0, 'evaluation_episodes': 100.0, 'evaluation_mean_return': -12.48, 'evaluation_mean_steps': 31.38, 'evaluation_success_rate': 0.9, 'evaluation_mean_illegal_actions': 0.0}
2026-06-24 16:47:32,327 | INFO | START | experiment=Alpha = 0.01 | alpha=0.010 | epsilon=0.100 | gamma=0.900 | episodes=2000
2026-06-24 16:47:35,905 | INFO | PROGRESS | experiment=Alpha = 0.01 | episode=500 | recent_mean_return=-275.770 | recent_mean_steps=186.430 | recent_success_rate=0.160
2026-06-24 16:47:39,565 | INFO | PROGRESS | experiment=Alpha = 0.01 | episode=1000 | recent_mean_return=-243.198 | recent_mean_steps=178.050 | recent_success_rate=0.292
2026-06-24 16:47:43,872 | INFO | PROGRESS | experiment=Alpha = 0.01 | episode=1500 | recent_mean_return=-216.686 | recent_mean_steps=163.502 | recent_success_rate=0.464
2026-06-24 16:47:46,837 | INFO | PROGRESS | experiment=Alpha = 0.01 | episode=2000 | recent_mean_return=-195.922 | recent_mean_steps=151.768 | recent_success_rate=0.582
2026-06-24 16:47:47,428 | INFO | FINISH | experiment=Alpha = 0.01 | metrics={'training_mean_return_last_window': -195.922, 'training_mean_steps_last_window': 151.768, 'training_success_rate_last_window': 0.582, 'training_mean_illegal_actions_last_window': 6.264, 'training_truncation_rate_last_window': 0.426, 'evaluation_episodes': 100.0, 'evaluation_mean_return': -235.64, 'evaluation_mean_steps': 200.0, 'evaluation_success_rate': 0.0, 'evaluation_mean_illegal_actions': 3.96}
2026-06-24 16:47:47,432 | INFO | START | experiment=Alpha = 0.001 | alpha=0.001 | epsilon=0.100 | gamma=0.900 | episodes=2000
2026-06-24 16:47:51,603 | INFO | PROGRESS | experiment=Alpha = 0.001 | episode=500 | recent_mean_return=-286.760 | recent_mean_steps=192.632 | recent_success_rate=0.112
2026-06-24 16:47:57,588 | INFO | PROGRESS | experiment=Alpha = 0.001 | episode=1000 | recent_mean_return=-265.040 | recent_mean_steps=188.030 | recent_success_rate=0.136
2026-06-24 16:48:02,633 | INFO | PROGRESS | experiment=Alpha = 0.001 | episode=1500 | recent_mean_return=-262.876 | recent_mean_steps=188.038 | recent_success_rate=0.152
2026-06-24 16:48:06,421 | INFO | PROGRESS | experiment=Alpha = 0.001 | episode=2000 | recent_mean_return=-254.158 | recent_mean_steps=183.088 | recent_success_rate=0.172
2026-06-24 16:48:07,131 | INFO | FINISH | experiment=Alpha = 0.001 | metrics={'training_mean_return_last_window': -254.158, 'training_mean_steps_last_window': 183.088, 'training_success_rate_last_window': 0.172, 'training_mean_illegal_actions_last_window': 8.298, 'training_truncation_rate_last_window': 0.83, 'evaluation_episodes': 100.0, 'evaluation_mean_return': -218.0, 'evaluation_mean_steps': 200.0, 'evaluation_success_rate': 0.0, 'evaluation_mean_illegal_actions': 2.0}
2026-06-24 16:48:07,146 | INFO | START | experiment=Alpha = 0.2 | alpha=0.200 | epsilon=0.100 | gamma=0.900 | episodes=2000
2026-06-24 16:48:09,300 | INFO | PROGRESS | experiment=Alpha = 0.2 | episode=500 | recent_mean_return=-129.848 | recent_mean_steps=97.442 | recent_success_rate=0.778
2026-06-24 16:48:09,735 | INFO | PROGRESS | experiment=Alpha = 0.2 | episode=1000 | recent_mean_return=-3.754 | recent_mean_steps=19.372 | recent_success_rate=1.000
2026-06-24 16:48:10,046 | INFO | PROGRESS | experiment=Alpha = 0.2 | episode=1500 | recent_mean_return=1.036 | recent_mean_steps=15.410 | recent_success_rate=1.000
2026-06-24 16:48:10,419 | INFO | PROGRESS | experiment=Alpha = 0.2 | episode=2000 | recent_mean_return=2.192 | recent_mean_steps=14.848 | recent_success_rate=1.000
2026-06-24 16:48:10,504 | INFO | FINISH | experiment=Alpha = 0.2 | metrics={'training_mean_return_last_window': 2.192, 'training_mean_steps_last_window': 14.848, 'training_success_rate_last_window': 1.0, 'training_mean_illegal_actions_last_window': 0.44, 'training_truncation_rate_last_window': 0.0, 'evaluation_episodes': 100.0, 'evaluation_mean_return': 8.35, 'evaluation_mean_steps': 12.65, 'evaluation_success_rate': 1.0, 'evaluation_mean_illegal_actions': 0.0}
2026-06-24 16:48:10,518 | INFO | START | experiment=Epsilon = 0.2 | alpha=0.100 | epsilon=0.200 | gamma=0.900 | episodes=2000
2026-06-24 16:48:15,415 | INFO | PROGRESS | experiment=Epsilon = 0.2 | episode=500 | recent_mean_return=-221.982 | recent_mean_steps=140.088 | recent_success_rate=0.620
2026-06-24 16:48:16,840 | INFO | PROGRESS | experiment=Epsilon = 0.2 | episode=1000 | recent_mean_return=-51.078 | recent_mean_steps=44.964 | recent_success_rate=0.992
2026-06-24 16:48:17,498 | INFO | PROGRESS | experiment=Epsilon = 0.2 | episode=1500 | recent_mean_return=-12.570 | recent_mean_steps=21.852 | recent_success_rate=1.000
2026-06-24 16:48:18,305 | INFO | PROGRESS | experiment=Epsilon = 0.2 | episode=2000 | recent_mean_return=-7.450 | recent_mean_steps=18.352 | recent_success_rate=1.000
2026-06-24 16:48:18,524 | INFO | FINISH | experiment=Epsilon = 0.2 | metrics={'training_mean_return_last_window': -7.45, 'training_mean_steps_last_window': 18.352, 'training_success_rate_last_window': 1.0, 'training_mean_illegal_actions_last_window': 1.122, 'training_truncation_rate_last_window': 0.0, 'evaluation_episodes': 100.0, 'evaluation_mean_return': -24.84, 'evaluation_mean_steps': 42.48, 'evaluation_success_rate': 0.84, 'evaluation_mean_illegal_actions': 0.0}
2026-06-24 16:48:18,537 | INFO | START | experiment=Epsilon = 0.3 | alpha=0.100 | epsilon=0.300 | gamma=0.900 | episodes=2000
2026-06-24 16:48:22,910 | INFO | PROGRESS | experiment=Epsilon = 0.3 | episode=500 | recent_mean_return=-265.490 | recent_mean_steps=142.250 | recent_success_rate=0.584
2026-06-24 16:48:24,457 | INFO | PROGRESS | experiment=Epsilon = 0.3 | episode=1000 | recent_mean_return=-76.036 | recent_mean_steps=51.604 | recent_success_rate=0.988
2026-06-24 16:48:25,241 | INFO | PROGRESS | experiment=Epsilon = 0.3 | episode=1500 | recent_mean_return=-24.878 | recent_mean_steps=25.358 | recent_success_rate=1.000
2026-06-24 16:48:26,238 | INFO | PROGRESS | experiment=Epsilon = 0.3 | episode=2000 | recent_mean_return=-16.556 | recent_mean_steps=20.708 | recent_success_rate=1.000
2026-06-24 16:48:26,498 | INFO | FINISH | experiment=Epsilon = 0.3 | metrics={'training_mean_return_last_window': -16.556, 'training_mean_steps_last_window': 20.708, 'training_success_rate_last_window': 1.0, 'training_mean_illegal_actions_last_window': 1.872, 'training_truncation_rate_last_window': 0.0, 'evaluation_episodes': 100.0, 'evaluation_mean_return': -20.7, 'evaluation_mean_steps': 38.76, 'evaluation_success_rate': 0.86, 'evaluation_mean_illegal_actions': 0.0}
2026-06-24 16:48:26,534 | INFO | START | experiment=Best combination | alpha=0.200 | epsilon=0.100 | gamma=0.900 | episodes=2000
2026-06-24 16:48:31,963 | INFO | PROGRESS | experiment=Best combination | episode=500 | recent_mean_return=-129.848 | recent_mean_steps=97.442 | recent_success_rate=0.778
2026-06-24 16:48:32,407 | INFO | PROGRESS | experiment=Best combination | episode=1000 | recent_mean_return=-3.754 | recent_mean_steps=19.372 | recent_success_rate=1.000
2026-06-24 16:48:32,797 | INFO | PROGRESS | experiment=Best combination | episode=1500 | recent_mean_return=1.036 | recent_mean_steps=15.410 | recent_success_rate=1.000
2026-06-24 16:48:33,223 | INFO | PROGRESS | experiment=Best combination | episode=2000 | recent_mean_return=2.192 | recent_mean_steps=14.848 | recent_success_rate=1.000
2026-06-24 16:48:33,280 | INFO | FINISH | experiment=Best combination | metrics={'training_mean_return_last_window': 2.192, 'training_mean_steps_last_window': 14.848, 'training_success_rate_last_window': 1.0, 'training_mean_illegal_actions_last_window': 0.44, 'training_truncation_rate_last_window': 0.0, 'evaluation_episodes': 100.0, 'evaluation_mean_return': 8.35, 'evaluation_mean_steps': 12.65, 'evaluation_success_rate': 1.0, 'evaluation_mean_illegal_actions': 0.0}
